2026-07-06 11:04:37 | TO: genz.tumbaga@gmail.com | SUBJECT: Quiz Result: CS ELECTIVE 5 - Robotics & Automation Module 1

Hello * Candidato, Imari Janella Labustro,

You have completed the quiz: CS ELECTIVE 5 - Robotics & Automation Module 1

Your score: 1 out of 40 (2.5%)

NOTE: Your submission was flagged for tab-switching violations.

Thank you for participating.

-- Online Quiz Generator
---
2026-07-06 11:08:54 | TO: genzdragon@gmail.com | SUBJECT: Quiz Result: CS ELECTIVE 5 - Robotics & Automation Module 1

Hello * Madalaga, Jela Abroso,

You have completed the quiz: CS ELECTIVE 5 - Robotics & Automation Module 1

Your score: 15 out of 40 (37.5%)


Thank you for participating.

-- Online Quiz Generator
---
2026-07-06 11:16:51 | TO: gatumbaga@debesmscat.edu.ph | SUBJECT: Quiz Result: CS ELECTIVE 5 - Robotics & Automation Module 1

Hello * Madrilejos, Ivy Romero,

You have completed the quiz: CS ELECTIVE 5 - Robotics & Automation Module 1

Your score: 0 out of 40 (0%)


Thank you for participating.

-- Online Quiz Generator
---
